<?xml version="1.0" encoding="UTF-8"?>
<testsuite xmlns:xsi="http://www.w3.org/2001/XMLSchema-instance" xsi:schemaLocation="https://maven.apache.org/surefire/maven-surefire-plugin/xsd/surefire-test-report.xsd" name="services.WordCounterServiceTest" time="0.73" tests="2" errors="0" skipped="0" failures="0">
  <properties>
[...]
</properties>
  <testcase name="testGetWordCountWithWordtring" classname="services.WordCounterServiceTest" time="0.021"/>
  <testcase name="testGetCharacterCountHashMapSortedInDecreasingOrder" classname="services.WordCounterServiceTest" time="0"/>
</testsuite>